#
# There is insufficient memory for the Java Runtime Environment to continue.
# Native memory allocation (mmap) failed to map 268435456 bytes for G1 virtual space
# Possible reasons:
#   The system is out of physical RAM or swap space
#   The process is running with CompressedOops enabled, and the Java Heap may be blocking the growth of the native heap
# Possible solutions:
#   Reduce memory load on the system
#   Increase physical memory or swap space
#   Check if swap backing store is full
#   Decrease Java heap size (-Xmx/-Xms)
#   Decrease number of Java threads
#   Decrease Java thread stack sizes (-Xss)
#   Set larger code cache with -XX:ReservedCodeCacheSize=
#   JVM is running with Zero Based Compressed Oops mode in which the Java heap is
#     placed in the first 32GB address space. The Java Heap base address is the
#     maximum limit for the native heap growth. Please use -XX:HeapBaseMinAddress
#     to set the Java Heap base and to place the Java Heap above 32GB virtual address.
# This output file may be truncated or incomplete.
#
#  Out of Memory Error (os_windows.cpp:3532), pid=16040, tid=8748
#
# JRE version:  (17.0.2+8) (build )
# Java VM: Java HotSpot(TM) 64-Bit Server VM (17.0.2+8-LTS-86, mixed mode, sharing, tiered, compressed oops, compressed class ptrs, g1 gc, windows-amd64)
# No core dump will be written. Minidumps are not enabled by default on client versions of Windows
#

---------------  S U M M A R Y ------------

Command Line: -javaagent:C:\Program Files\JetBrains\IntelliJ IDEA Community Edition 2021.3.2\lib\idea_rt.jar=61934:C:\Program Files\JetBrains\IntelliJ IDEA Community Edition 2021.3.2\bin -Dfile.encoding=UTF-8 Main

Host: AMD Ryzen 5 3600 6-Core Processor              , 12 cores, 15G,  Windows 10 , 64 bit Build 19041 (10.0.19041.546)
Time: Sun Mar 27 17:17:17 2022  Windows 10 , 64 bit Build 19041 (10.0.19041.546) elapsed time: 0.007829 seconds (0d 0h 0m 0s)

---------------  T H R E A D  ---------------

Current thread (0x00000287649494b0):  JavaThread "Unknown thread" [_thread_in_vm, id=8748, stack(0x000000a1ae000000,0x000000a1ae100000)]

Stack: [0x000000a1ae000000,0x000000a1ae100000]
Native frames: (J=compiled Java code, j=interpreted, Vv=VM code, C=native code)
V  [jvm.dll+0x670baa]
V  [jvm.dll+0x7cfcb4]
V  [jvm.dll+0x7d145e]
V  [jvm.dll+0x7d1ac3]
V  [jvm.dll+0x242bc5]
V  [jvm.dll+0x66dac9]
V  [jvm.dll+0x662412]
V  [jvm.dll+0x300c0b]
V  [jvm.dll+0x3081a6]
V  [jvm.dll+0x357d0e]
V  [jvm.dll+0x357f3f]
V  [jvm.dll+0x2d7ec8]
V  [jvm.dll+0x2d8e34]
V  [jvm.dll+0x7a18c1]
V  [jvm.dll+0x365a91]
V  [jvm.dll+0x780d2c]
V  [jvm.dll+0x3e845f]
V  [jvm.dll+0x3e9f01]
C  [jli.dll+0x527b]
C  [ucrtbase.dll+0x214c2]
C  [KERNEL32.DLL+0x17034]
C  [ntdll.dll+0x4cec1]


---------------  P R O C E S S  ---------------

Threads class SMR info:
_java_thread_list=0x00007ff809819858, length=0, elements={
}

Java Threads: ( => current thread )

Other Threads:
  0x000002876499a480 GCTaskThread "GC Thread#0" [stack: 0x000000a1ae100000,0x000000a1ae200000] [id=16664]
  0x00000287649ad2e0 ConcurrentGCThread "G1 Main Marker" [stack: 0x000000a1ae200000,0x000000a1ae300000] [id=19488]
  0x00000287649ae490 ConcurrentGCThread "G1 Conc#0" [stack: 0x000000a1ae300000,0x000000a1ae400000] [id=17168]

[error occurred during error reporting (printing all threads), id 0xc0000005, EXCEPTION_ACCESS_VIOLATION (0xc0000005) at pc=0x00007ff8090688a7]

VM state: not at safepoint (not fully initialized)

VM Mutex/Monitor currently owned by a thread:  ([mutex/lock_event])
[0x0000028764945420] Heap_lock - owner thread: 0x00000287649494b0

Heap address: 0x0000000701000000, size: 4080 MB, Compressed Oops mode: Zero based, Oop shift amount: 3

CDS archive(s) mapped at: [0x0000000000000000-0x0000000000000000-0x0000000000000000), size 0, SharedBaseAddress: 0x0000000800000000, ArchiveRelocationMode: 0.
Narrow klass base: 0x0000000000000000, Narrow klass shift: 0, Narrow klass range: 0x0

GC Precious Log:
<Empty>

Heap:
 garbage-first heap   total 0K, used 0K [0x0000000701000000, 0x0000000800000000)
  region size 2048K, 0 young (0K), 0 survivors (0K)

[error occurred during error reporting (printing heap information), id 0xc0000005, EXCEPTION_ACCESS_VIOLATION (0xc0000005) at pc=0x00007ff809449f19]

GC Heap History (0 events):
No events

Deoptimization events (0 events):
No events

Classes unloaded (0 events):
No events

Classes redefined (0 events):
No events

Internal exceptions (0 events):
No events

VM Operations (0 events):
No events

Events (1 events):
Event: 0.005 Loaded shared library C:\Program Files\Java\jdk-17.0.2\bin\java.dll


Dynamic libraries:
0x00007ff6398e0000 - 0x00007ff6398f0000 	C:\Program Files\Java\jdk-17.0.2\bin\java.exe
0x00007ff846510000 - 0x00007ff846706000 	C:\Windows\SYSTEM32\ntdll.dll
0x00007ff8457e0000 - 0x00007ff84589d000 	C:\Windows\System32\KERNEL32.DLL
0x00007ff843f90000 - 0x00007ff844258000 	C:\Windows\System32\KERNELBASE.dll
0x00007ff844340000 - 0x00007ff844440000 	C:\Windows\System32\ucrtbase.dll
0x00007ff836920000 - 0x00007ff836938000 	C:\Program Files\Java\jdk-17.0.2\bin\jli.dll
0x00007ff8335b0000 - 0x00007ff8335ca000 	C:\Program Files\Java\jdk-17.0.2\bin\VCRUNTIME140.dll
0x00007ff846240000 - 0x00007ff8462ec000 	C:\Windows\System32\ADVAPI32.dll
0x00007ff8447b0000 - 0x00007ff84484e000 	C:\Windows\System32\msvcrt.dll
0x00007ff8452b0000 - 0x00007ff84534b000 	C:\Windows\System32\sechost.dll
0x00007ff844650000 - 0x00007ff844774000 	C:\Windows\System32\RPCRT4.dll
0x00007ff8460a0000 - 0x00007ff846240000 	C:\Windows\System32\USER32.dll
0x00007ff844310000 - 0x00007ff844332000 	C:\Windows\System32\win32u.dll
0x00007ff833660000 - 0x00007ff8338fb000 	C:\Windows\WinSxS\amd64_microsoft.windows.common-controls_6595b64144ccf1df_6.0.19041.488_none_ca04af081b815d21\COMCTL32.dll
0x00007ff844780000 - 0x00007ff8447aa000 	C:\Windows\System32\GDI32.dll
0x00007ff843c50000 - 0x00007ff843d59000 	C:\Windows\System32\gdi32full.dll
0x00007ff843d90000 - 0x00007ff843e2d000 	C:\Windows\System32\msvcp_win.dll
0x00007ff83d4d0000 - 0x00007ff83d4da000 	C:\Windows\SYSTEM32\VERSION.dll
0x00007ff844e50000 - 0x00007ff844e80000 	C:\Windows\System32\IMM32.DLL
0x00007ff840f80000 - 0x00007ff840f8c000 	C:\Program Files\Java\jdk-17.0.2\bin\vcruntime140_1.dll
0x00007ff823820000 - 0x00007ff8238ad000 	C:\Program Files\Java\jdk-17.0.2\bin\msvcp140.dll
0x00007ff808d80000 - 0x00007ff809941000 	C:\Program Files\Java\jdk-17.0.2\bin\server\jvm.dll
0x00007ff8464c0000 - 0x00007ff8464c8000 	C:\Windows\System32\PSAPI.DLL
0x00007ff83b3e0000 - 0x00007ff83b3e9000 	C:\Windows\SYSTEM32\WSOCK32.dll
0x00007ff83f980000 - 0x00007ff83f9a7000 	C:\Windows\SYSTEM32\WINMM.dll
0x00007ff845090000 - 0x00007ff8450fb000 	C:\Windows\System32\WS2_32.dll
0x00007ff841ae0000 - 0x00007ff841af2000 	C:\Windows\SYSTEM32\kernel.appcore.dll
0x00007ff840db0000 - 0x00007ff840dba000 	C:\Program Files\Java\jdk-17.0.2\bin\jimage.dll
0x00007ff83d8f0000 - 0x00007ff83dad4000 	C:\Windows\SYSTEM32\DBGHELP.DLL
0x00007ff832cc0000 - 0x00007ff832cec000 	C:\Windows\SYSTEM32\dbgcore.DLL
0x00007ff8444f0000 - 0x00007ff84456f000 	C:\Windows\System32\bcryptPrimitives.dll
0x00007ff82a420000 - 0x00007ff82a42e000 	C:\Program Files\Java\jdk-17.0.2\bin\instrument.dll
0x00007ff82ba90000 - 0x00007ff82bab5000 	C:\Program Files\Java\jdk-17.0.2\bin\java.dll

dbghelp: loaded successfully - version: 4.0.5 - missing functions: none
symbol engine: initialized successfully - sym options: 0x614 - pdb path: .;C:\Program Files\Java\jdk-17.0.2\bin;C:\Windows\SYSTEM32;C:\Windows\WinSxS\amd64_microsoft.windows.common-controls_6595b64144ccf1df_6.0.19041.488_none_ca04af081b815d21;C:\Program Files\Java\jdk-17.0.2\bin\server

VM Arguments:
jvm_args: -javaagent:C:\Program Files\JetBrains\IntelliJ IDEA Community Edition 2021.3.2\lib\idea_rt.jar=61934:C:\Program Files\JetBrains\IntelliJ IDEA Community Edition 2021.3.2\bin -Dfile.encoding=UTF-8 
java_command: Main
java_class_path (initial): C:\Учеба\OOP\New chatBot\target\classes;C:\Users\MeynSpain\.m2\repository\org\json\json\20210307\json-20210307.jar;C:\Учеба\OOP\New chatBot\postgresql-42.3.3.jar
Launcher Type: SUN_STANDARD

[Global flags]
     intx CICompilerCount                          = 4                                         {product} {ergonomic}
     uint ConcGCThreads                            = 3                                         {product} {ergonomic}
     uint G1ConcRefinementThreads                  = 10                                        {product} {ergonomic}
   size_t G1HeapRegionSize                         = 2097152                                   {product} {ergonomic}
    uintx GCDrainStackTargetSize                   = 64                                        {product} {ergonomic}
   size_t InitialHeapSize                          = 268435456                                 {product} {ergonomic}
   size_t MarkStackSize                            = 4194304                                   {product} {ergonomic}
   size_t MaxHeapSize                              = 4278190080                                {product} {ergonomic}
   size_t MinHeapDeltaBytes                        = 2097152                                   {product} {ergonomic}
   size_t MinHeapSize                              = 8388608                                   {product} {ergonomic}
    uintx NonNMethodCodeHeapSize                   = 5839372                                {pd product} {ergonomic}
    uintx NonProfiledCodeHeapSize                  = 122909434                              {pd product} {ergonomic}
    uintx ProfiledCodeHeapSize                     = 122909434                              {pd product} {ergonomic}
    uintx ReservedCodeCacheSize                    = 251658240                              {pd product} {ergonomic}
     bool SegmentedCodeCache                       = true                                      {product} {ergonomic}
   size_t SoftMaxHeapSize                          = 4278190080                             {manageable} {ergonomic}
     bool UseCompressedClassPointers               = true                           {product lp64_product} {ergonomic}
     bool UseCompressedOops                        = true                           {product lp64_product} {ergonomic}
     bool UseG1GC                                  = true                                      {product} {ergonomic}
     bool UseLargePagesIndividualAllocation        = false                                  {pd product} {ergonomic}

Logging:
Log output configuration:
 #0: stdout all=warning uptime,level,tags
 #1: stderr all=off uptime,level,tags

Environment Variables:
PATH=C:\Program Files\Common Files\Oracle\Java\javapath;C:\Program Files (x86)\NVIDIA Corporation\PhysX\Common;C:\VulkanSDK\1.2.176.1\Bin;C:\Windows\system32;C:\Windows;C:\Windows\System32\Wbem;C:\Windows\System32\WindowsPowerShell\v1.0\;C:\Windows\System32\OpenSSH\;C:\Program Files\Microsoft SQL Server\130\Tools\Binn\;C:\Program Files\Microsoft SQL Server\150\Tools\Binn\;C:\Program Files\Git\cmd;C:\Users\MeynSpain\AppData\Local\Microsoft\WindowsApps;C:\Users\MeynSpain\AppData\Local\Programs\Microsoft VS Code\bin;C:\Program Files\mingw-w64\x86_64-8.1.0-posix-seh-rt_v6-rev0\mingw64\bin;
USERNAME=MeynSpain
OS=Windows_NT
PROCESSOR_IDENTIFIER=AMD64 Family 23 Model 113 Stepping 0, AuthenticAMD



---------------  S Y S T E M  ---------------

OS:
 Windows 10 , 64 bit Build 19041 (10.0.19041.546)
OS uptime: 43 days 22:56 hours

CPU: total 12 (initial active 12) (12 cores per cpu, 2 threads per core) family 23 model 113 stepping 0 microcode 0x0, cx8, cmov, fxsr, ht, mmx, 3dnowpref, sse, sse2, sse3, ssse3, sse4a, sse4.1, sse4.2, popcnt, lzcnt, tsc, tscinvbit, avx, avx2, aes, clmul, bmi1, bmi2, adx, sha, fma, vzeroupper, clflush, clflushopt

Memory: 4k page, system-wide physical 16315M (5001M free)
TotalPageFile size 22315M (AvailPageFile size 82M)
current process WorkingSet (physical memory assigned to process): 10M, peak: 10M
current process commit charge ("private bytes"): 64M, peak: 320M

vm_info: Java HotSpot(TM) 64-Bit Server VM (17.0.2+8-LTS-86) for windows-amd64 JRE (17.0.2+8-LTS-86), built on Dec  7 2021 21:51:03 by "mach5one" with MS VC++ 16.8 / 16.9 (VS2019)

END.
